#
# A fatal error has been detected by the Java Runtime Environment:
#
#  SIGSEGV (0xb) at pc=0x8afd5c5f, pid=5814, tid=3065572208
#
# JRE version: 6.0_20-b20
# Java VM: OpenJDK Server VM (19.0-b09 mixed mode linux-x86 )
# Derivative: IcedTea6 1.9.7
# Distribution: Ubuntu 10.04.1 LTS, package 6b20-1.9.7-0ubuntu1~10.04.1
# Problematic frame:
# C  [libswt-pi-gtk-3740.so+0x33c5f]  Java_org_eclipse_swt_internal_gtk_OS_GTK_1WIDGET_1WIDTH+0x6
#
# If you would like to submit a bug report, please include
# instructions how to reproduce the bug and visit:
#   https://bugs.launchpad.net/ubuntu/+source/openjdk-6/
# The crash happened outside the Java Virtual Machine in native code.
# See problematic frame for where to report the bug.
#

---------------  T H R E A D  ---------------

Current thread (0x09dfa800):  JavaThread "main" [_thread_in_native, id=5818, stack(0xb6b3e000,0xb6b8f000)]

siginfo:si_signo=SIGSEGV: si_errno=0, si_code=1 (SEGV_MAPERR), si_addr=0x0905a044

Registers:
EAX=0x0905a018, EBX=0x8bd8a880, ECX=0x09dfa918, EDX=0x00000000
ESP=0xb6b8de68, EBP=0xb6b8de68, ESI=0x8bd8a880, EDI=0x09dfa800
EIP=0x8afd5c5f, CR2=0x0905a044, EFLAGS=0x00010217

Register to memory mapping:

EAX=0x0905a018
0x0905a018 is pointing to unknown location

EBX=0x8bd8a880
{method} 
 - klass: {other class}

ECX=0x09dfa918
0x09dfa918 is pointing to unknown location

EDX=0x00000000
0x00000000 is pointing to unknown location

ESP=0xb6b8de68
0xb6b8de68 is pointing into the stack for thread: 0x09dfa800
"main" prio=10 tid=0x09dfa800 nid=0x16ba runnable [0xb6b8d000]
   java.lang.Thread.State: RUNNABLE

EBP=0xb6b8de68
0xb6b8de68 is pointing into the stack for thread: 0x09dfa800
"main" prio=10 tid=0x09dfa800 nid=0x16ba runnable [0xb6b8d000]
   java.lang.Thread.State: RUNNABLE

ESI=0x8bd8a880
{method} 
 - klass: {other class}

EDI=0x09dfa800
"main" prio=10 tid=0x09dfa800 nid=0x16ba runnable [0xb6b8d000]
   java.lang.Thread.State: RUNNABLE


Top of Stack: (sp=0xb6b8de68)
0xb6b8de68:   b6b8dea0 b3ac162a 09dfa918 b6b8dea8
0xb6b8de78:   0905a018 09dfa800 b6b8de80 8bd8a880
0xb6b8de88:   b6b8deb0 8be068b8 00000000 8bd8a880
0xb6b8de98:   00000000 b6b8deb0 b6b8ded8 b3aba005
0xb6b8dea8:   8be06750 b3abf4b9 0905a018 a92b47c0
0xb6b8deb8:   b6b8deb8 8bbf09e5 b6b8dee0 8bd41df0
0xb6b8dec8:   00000000 8bbf0a08 b6b8deb0 b6b8dee0
0xb6b8ded8:   b6b8df04 b3ab9ee1 a92b47c0 b6b8dee4 

Instructions: (pc=0x8afd5c5f)
0x8afd5c4f:   55 14 8b 45 10 89 50 28 c9 c3 55 89 e5 8b 45 10
0x8afd5c5f:   8b 40 2c c9 c3 55 89 e5 8b 45 10 8b 40 34 c9 c3 

Stack: [0xb6b3e000,0xb6b8f000],  sp=0xb6b8de68,  free space=319k
Native frames: (J=compiled Java code, j=interpreted, Vv=VM code, C=native code)
C  [libswt-pi-gtk-3740.so+0x33c5f]  Java_org_eclipse_swt_internal_gtk_OS_GTK_1WIDGET_1WIDTH+0x6
j  org.eclipse.swt.internal.gtk.OS.GTK_WIDGET_WIDTH(I)I+0
j  org.eclipse.swt.widgets.Shell.forceResize()V+5
j  org.eclipse.swt.widgets.Composite.getClientArea()Lorg/eclipse/swt/graphics/Rectangle;+48
j  org.eclipse.swt.layout.GridLayout.layout(Lorg/eclipse/swt/widgets/Composite;Z)V+1
j  org.eclipse.swt.widgets.Composite.updateLayout(Z)V+74
j  org.eclipse.swt.widgets.Composite.layout(ZZ)V+24
j  org.eclipse.swt.widgets.Composite.layout(Z)V+15
j  org.eclipse.swt.widgets.Composite.layout()V+6
j  DomParserExample.runExample()V+56
j  DomParserExample.main([Ljava/lang/String;)V+0
v  ~StubRoutines::call_stub
V  [libjvm.so+0x387d22]
V  [libjvm.so+0x519289]
V  [libjvm.so+0x386c5f]
V  [libjvm.so+0x3920fc]
V  [libjvm.so+0x3a115d]
C  [java+0x321d]  JavaMain+0xd4d
C  [libpthread.so.0+0x596e]

Java frames: (J=compiled Java code, j=interpreted, Vv=VM code)
j  org.eclipse.swt.internal.gtk.OS.GTK_WIDGET_WIDTH(I)I+0
j  org.eclipse.swt.widgets.Shell.forceResize()V+5
j  org.eclipse.swt.widgets.Composite.getClientArea()Lorg/eclipse/swt/graphics/Rectangle;+48
j  org.eclipse.swt.layout.GridLayout.layout(Lorg/eclipse/swt/widgets/Composite;Z)V+1
j  org.eclipse.swt.widgets.Composite.updateLayout(Z)V+74
j  org.eclipse.swt.widgets.Composite.layout(ZZ)V+24
j  org.eclipse.swt.widgets.Composite.layout(Z)V+15
j  org.eclipse.swt.widgets.Composite.layout()V+6
j  DomParserExample.runExample()V+56
j  DomParserExample.main([Ljava/lang/String;)V+0
v  ~StubRoutines::call_stub

---------------  P R O C E S S  ---------------

Java Threads: ( => current thread )
  0x09ea0000 JavaThread "Low Memory Detector" daemon [_thread_blocked, id=5828, stack(0x8b1ec000,0x8b23d000)]
  0x09e9cc00 JavaThread "CompilerThread1" daemon [_thread_blocked, id=5827, stack(0x8b23d000,0x8b2be000)]
  0x09e9ac00 JavaThread "CompilerThread0" daemon [_thread_blocked, id=5826, stack(0x8b2be000,0x8b33f000)]
  0x09e99400 JavaThread "Signal Dispatcher" daemon [_thread_blocked, id=5825, stack(0x8b33f000,0x8b390000)]
  0x09e85800 JavaThread "Finalizer" daemon [_thread_blocked, id=5824, stack(0x8b3d6000,0x8b427000)]
  0x09e84000 JavaThread "Reference Handler" daemon [_thread_blocked, id=5823, stack(0x8b427000,0x8b478000)]
=>0x09dfa800 JavaThread "main" [_thread_in_native, id=5818, stack(0xb6b3e000,0xb6b8f000)]

Other Threads:
  0x09e80400 VMThread [stack: 0x8b478000,0x8b4f9000] [id=5822]
  0x09ea1c00 WatcherThread [stack: 0x8b16b000,0x8b1ec000] [id=5829]

VM state:not at safepoint (normal execution)

VM Mutex/Monitor currently owned by a thread: None

Heap
 PSYoungGen      total 9408K, used 5186K [0xa8f50000, 0xa99d0000, 0xb39f0000)
  eden space 8064K, 64% used [0xa8f50000,0xa94609e0,0xa9730000)
  from space 1344K, 0% used [0xa9880000,0xa9880000,0xa99d0000)
  to   space 1344K, 0% used [0xa9730000,0xa9730000,0xa9880000)
 PSOldGen        total 21504K, used 0K [0x939f0000, 0x94ef0000, 0xa8f50000)
  object space 21504K, 0% used [0x939f0000,0x939f0000,0x94ef0000)
 PSPermGen       total 16384K, used 4297K [0x8b9f0000, 0x8c9f0000, 0x939f0000)
  object space 16384K, 26% used [0x8b9f0000,0x8be22780,0x8c9f0000)

Dynamic libraries:
08048000-08051000 r-xp 00000000 08:01 667262     /usr/lib/jvm/java-6-openjdk/jre/bin/java
08051000-08052000 r--p 00008000 08:01 667262     /usr/lib/jvm/java-6-openjdk/jre/bin/java
08052000-08053000 rw-p 00009000 08:01 667262     /usr/lib/jvm/java-6-openjdk/jre/bin/java
09df3000-0a06e000 rw-p 00000000 00:00 0          [heap]
8a206000-8a29e000 r--p 00000000 08:01 937706     /usr/share/fonts/truetype/ttf-dejavu/DejaVuSans.ttf
8a29e000-8a2a0000 r-xp 00000000 08:01 668151     /usr/lib/pango/1.6.0/modules/pango-basic-fc.so
8a2a0000-8a2a1000 r--p 00001000 08:01 668151     /usr/lib/pango/1.6.0/modules/pango-basic-fc.so
8a2a1000-8a2a2000 rw-p 00002000 08:01 668151     /usr/lib/pango/1.6.0/modules/pango-basic-fc.so
8a2a2000-8a2a3000 r--s 00000000 08:01 828558     /var/cache/fontconfig/26de28bc8622bbc1fb67fd234c21975f-le32d4.cache-3
8a2a3000-8a2a9000 r--s 00000000 08:01 828570     /var/cache/fontconfig/945677eb7aeaf62f1d50efc3fb3ec7d8-le32d4.cache-3
8a2a9000-8a2ac000 r--s 00000000 08:01 828577     /var/cache/fontconfig/e383d7ea5fbe662a33d9b44caf393297-le32d4.cache-3
8a2ac000-8a2b2000 r--s 00000000 08:01 828561     /var/cache/fontconfig/401a5dd6b567794a1d18dd9342dfa604-le32d4.cache-3
8a2b2000-8a2b5000 r--s 00000000 08:01 828566     /var/cache/fontconfig/6eb3985aa4124903f6ff08ba781cd364-le32d4.cache-3
8a2b5000-8a2b9000 r--s 00000000 08:01 828563     /var/cache/fontconfig/515ca1ebc4b18308bea979be5704f9db-le32d4.cache-3
8a2b9000-8a2c0000 r--s 00000000 08:01 828565     /var/cache/fontconfig/6d41288fd70b0be22e8c3a91e032eec0-le32d4.cache-3
8a2c0000-8a2e2000 r--s 00000000 08:01 828559     /var/cache/fontconfig/365b55f210c0a22e9a19e35191240f32-le32d4.cache-3
8a2e2000-8a2ea000 r--s 00000000 08:01 828574     /var/cache/fontconfig/d52a8644073d54c13679302ca1180695-le32d4.cache-3
8a2ea000-8a2ef000 r--s 00000000 08:01 828557     /var/cache/fontconfig/105b9c7e6f0a4f82d8c9b6e39c52c6f9-le32d4.cache-3
8a2ef000-8a2fb000 r--s 00000000 08:01 805156     /var/cache/fontconfig/e13b20fdb08344e0e664864cc2ede53d-le32d4.cache-3
8a2fb000-8a309000 r--s 00000000 08:01 828569     /var/cache/fontconfig/865f88548240fee46819705c6468c165-le32d4.cache-3
8a309000-8a32f000 r-xp 00000000 08:01 667058     /usr/lib/gtk-2.0/2.10.0/engines/libmurrine.so
8a32f000-8a330000 r--p 00025000 08:01 667058     /usr/lib/gtk-2.0/2.10.0/engines/libmurrine.so
8a330000-8a331000 rw-p 00026000 08:01 667058     /usr/lib/gtk-2.0/2.10.0/engines/libmurrine.so
8a331000-8a338000 r-xp 00000000 08:01 289276     /usr/lib/libltdl.so.7.2.1
8a338000-8a339000 r--p 00006000 08:01 289276     /usr/lib/libltdl.so.7.2.1
8a339000-8a33a000 rw-p 00007000 08:01 289276     /usr/lib/libltdl.so.7.2.1
8a33a000-8a347000 r-xp 00000000 08:01 289672     /usr/lib/libtdb.so.1.2.0
8a347000-8a348000 r--p 0000c000 08:01 289672     /usr/lib/libtdb.so.1.2.0
8a348000-8a349000 rw-p 0000d000 08:01 289672     /usr/lib/libtdb.so.1.2.0
8a349000-8a34e000 r-xp 00000000 08:01 289393     /usr/lib/libogg.so.0.6.0
8a34e000-8a34f000 r--p 00004000 08:01 289393     /usr/lib/libogg.so.0.6.0
8a34f000-8a350000 rw-p 00005000 08:01 289393     /usr/lib/libogg.so.0.6.0
8a350000-8a377000 r-xp 00000000 08:01 289724     /usr/lib/libvorbis.so.0.4.3
8a377000-8a378000 r--p 00026000 08:01 289724     /usr/lib/libvorbis.so.0.4.3
8a378000-8a379000 rw-p 00027000 08:01 289724     /usr/lib/libvorbis.so.0.4.3
8a379000-8a380000 r-xp 00000000 08:01 289728     /usr/lib/libvorbisfile.so.3.3.2
8a380000-8a381000 r--p 00006000 08:01 289728     /usr/lib/libvorbisfile.so.3.3.2
8a381000-8a382000 rw-p 00007000 08:01 289728     /usr/lib/libvorbisfile.so.3.3.2
8a382000-8a390000 r-xp 00000000 08:01 288724     /usr/lib/libcanberra.so.0.2.1
8a390000-8a391000 r--p 0000d000 08:01 288724     /usr/lib/libcanberra.so.0.2.1
8a391000-8a392000 rw-p 0000e000 08:01 288724     /usr/lib/libcanberra.so.0.2.1
8a392000-8a395000 r-xp 00000000 08:01 288722     /usr/lib/libcanberra-gtk.so.0.1.5
8a395000-8a396000 r--p 00003000 08:01 288722     /usr/lib/libcanberra-gtk.so.0.1.5
8a396000-8a397000 rw-p 00004000 08:01 288722     /usr/lib/libcanberra-gtk.so.0.1.5
8a39a000-8a39e000 rwxp 00000000 00:00 0 
8a39e000-8a3a6000 r-xp 00000000 08:01 667059     /usr/lib/gtk-2.0/2.10.0/engines/libpixmap.so
8a3a6000-8a3a7000 r--p 00007000 08:01 667059     /usr/lib/gtk-2.0/2.10.0/engines/libpixmap.so
8a3a7000-8a3a8000 rw-p 00008000 08:01 667059     /usr/lib/gtk-2.0/2.10.0/engines/libpixmap.so
8a3a8000-8a4c6000 r--p 00000000 08:01 667992     /usr/lib/locale/en_US.utf8/LC_COLLATE
8a4c6000-8a4ca000 r-xp 00000000 08:01 288572     /usr/lib/libXdmcp.so.6.0.0
8a4ca000-8a4cb000 r--p 00003000 08:01 288572     /usr/lib/libXdmcp.so.6.0.0
8a4cb000-8a4cc000 rw-p 00004000 08:01 288572     /usr/lib/libXdmcp.so.6.0.0
8a4cc000-8a4ce000 r-xp 00000000 08:01 288559     /usr/lib/libXau.so.6.0.0
8a4ce000-8a4cf000 r--p 00001000 08:01 288559     /usr/lib/libXau.so.6.0.0
8a4cf000-8a4d0000 rw-p 00002000 08:01 288559     /usr/lib/libXau.so.6.0.0
8a4d0000-8a4f4000 r-xp 00000000 08:01 262237     /lib/libexpat.so.1.5.2
8a4f4000-8a4f6000 r--p 00024000 08:01 262237     /lib/libexpat.so.1.5.2
8a4f6000-8a4f7000 rw-p 00026000 08:01 262237     /lib/libexpat.so.1.5.2
8a4f7000-8a510000 r-xp 00000000 08:01 262342     /lib/libselinux.so.1
8a510000-8a511000 r--p 00018000 08:01 262342     /lib/libselinux.so.1
8a511000-8a512000 rw-p 00019000 08:01 262342     /lib/libselinux.so.1
8a512000-8a522000 r-xp 00000000 08:01 266648     /lib/tls/i686/cmov/libresolv-2.11.1.so
8a522000-8a523000 r--p 00010000 08:01 266648     /lib/tls/i686/cmov/libresolv-2.11.1.so
8a523000-8a524000 rw-p 00011000 08:01 266648     /lib/tls/i686/cmov/libresolv-2.11.1.so
8a524000-8a526000 rw-p 00000000 00:00 0 
8a526000-8a52c000 r-xp 00000000 08:01 289791     /usr/lib/libxcb-render.so.0.0.0
8a52c000-8a52d000 r--p 00005000 08:01 289791     /usr/lib/libxcb-render.so.0.0.0
8a52d000-8a52e000 rw-p 00006000 08:01 289791     /usr/lib/libxcb-render.so.0.0.0
8a52e000-8a531000 r-xp 00000000 08:01 289789     /usr/lib/libxcb-render-util.so.0.0.0
8a531000-8a532000 r--p 00002000 08:01 289789     /usr/lib/libxcb-render-util.so.0.0.0
8a532000-8a533000 rw-p 00003000 08:01 289789     /usr/lib/libxcb-render-util.so.0.0.0
8a533000-8a556000 r-xp 00000000 08:01 262323     /lib/libpng12.so.0.42.0
8a556000-8a557000 r--p 00022000 08:01 262323     /lib/libpng12.so.0.42.0
8a557000-8a558000 rw-p 00023000 08:01 262323     /lib/libpng12.so.0.42.0
8a558000-8a56c000 r-xp 00000000 08:01 288813     /usr/lib/libdirect-1.2.so.0.8.0
8a56c000-8a56d000 r--p 00013000 08:01 288813     /usr/lib/libdirect-1.2.so.0.8.0
8a56d000-8a56e000 rw-p 00014000 08:01 288813     /usr/lib/libdirect-1.2.so.0.8.0
8a56e000-8a576000 r-xp 00000000 08:01 288933     /usr/lib/libfusion-1.2.so.0.8.0
8a576000-8a577000 r--p 00007000 08:01 288933     /usr/lib/libfusion-1.2.so.0.8.0
8a577000-8a578000 rw-p 00008000 08:01 288933     /usr/lib/libfusion-1.2.so.0.8.0
8a578000-8a5eb000 r-xp 00000000 08:01 288815     /usr/lib/libdirectfb-1.2.so.0.8.0
8a5eb000-8a5ec000 ---p 00073000 08:01 288815     /usr/lib/libdirectfb-1.2.so.0.8.0
8a5ec000-8a5ed000 r--p 00073000 08:01 288815     /usr/lib/libdirectfb-1.2.so.0.8.0
8a5ed000-8a5ee000 rw-p 00074000 08:01 288815     /usr/lib/libdirectfb-1.2.so.0.8.0
8a5ee000-8a5ef000 rw-p 00000000 00:00 0 
8a5ef000-8a646000 r-xp 00000000 08:01 289456     /usr/lib/libpixman-1.so.0.16.4
8a646000-8a648000 r--p 00057000 08:01 289456     /usr/lib/libpixman-1.so.0.16.4
8a648000-8a649000 rw-p 00059000 08:01 289456     /usr/lib/libpixman-1.so.0.16.4
8a649000-8a661000 r-xp 00000000 08:01 289801     /usr/lib/libxcb.so.1.1.0
8a661000-8a662000 r--p 00017000 08:01 289801     /usr/lib/libxcb.so.1.1.0
8a662000-8a663000 rw-p 00018000 08:01 289801     /usr/lib/libxcb.so.1.1.0
8a663000-8a692000 r-xp 00000000 08:01 262311     /lib/libpcre.so.3.12.1
8a692000-8a693000 r--p 0002e000 08:01 262311     /lib/libpcre.so.3.12.1
8a693000-8a694000 rw-p 0002f000 08:01 262311     /lib/libpcre.so.3.12.1
8a694000-8a75c000 r-xp 00000000 08:01 262251     /lib/libglib-2.0.so.0.2400.1
8a75c000-8a75d000 r--p 000c7000 08:01 262251     /lib/libglib-2.0.so.0.2400.1
8a75d000-8a75e000 rw-p 000c8000 08:01 262251     /lib/libglib-2.0.so.0.2400.1
8a75e000-8a761000 r-xp 00000000 08:01 289007     /usr/lib/libgmodule-2.0.so.0.2400.1
8a761000-8a762000 r--p 00002000 08:01 289007     /usr/lib/libgmodule-2.0.so.0.2400.1
8a762000-8a763000 rw-p 00003000 08:01 289007     /usr/lib/libgmodule-2.0.so.0.2400.1
8a763000-8a7a0000 r-xp 00000000 08:01 289048     /usr/lib/libgobject-2.0.so.0.2400.1
8a7a0000-8a7a1000 r--p 0003c000 08:01 289048     /usr/lib/libgobject-2.0.so.0.2400.1
8a7a1000-8a7a2000 rw-p 0003d000 08:01 289048     /usr/lib/libgobject-2.0.so.0.2400.1
8a7a2000-8a7d0000 r-xp 00000000 08:01 288919     /usr/lib/libfontconfig.so.1.4.4
8a7d0000-8a7d1000 r--p 0002d000 08:01 288919     /usr/lib/libfontconfig.so.1.4.4
8a7d1000-8a7d2000 rw-p 0002e000 08:01 288919     /usr/lib/libfontconfig.so.1.4.4
8a7d2000-8a843000 r-xp 00000000 08:01 288929     /usr/lib/libfreetype.so.6.3.22
8a843000-8a847000 r--p 00070000 08:01 288929     /usr/lib/libfreetype.so.6.3.22
8a847000-8a848000 rw-p 00074000 08:01 288929     /usr/lib/libfreetype.so.6.3.22
8a848000-8a888000 r-xp 00000000 08:01 289426     /usr/lib/libpango-1.0.so.0.2800.0
8a888000-8a889000 ---p 00040000 08:01 289426     /usr/lib/libpango-1.0.so.0.2800.0
8a889000-8a88a000 r--p 00040000 08:01 289426     /usr/lib/libpango-1.0.so.0.2800.0
8a88a000-8a88b000 rw-p 00041000 08:01 289426     /usr/lib/libpango-1.0.so.0.2800.0
8a88b000-8a8b0000 r-xp 00000000 08:01 289430     /usr/lib/libpangoft2-1.0.so.0.2800.0
8a8b0000-8a8b1000 r--p 00024000 08:01 289430     /usr/lib/libpangoft2-1.0.so.0.2800.0
8a8b1000-8a8b2000 rw-p 00025000 08:01 289430     /usr/lib/libpangoft2-1.0.so.0.2800.0
8a8b2000-8a94c000 r-xp 00000000 08:01 288987     /usr/lib/libgio-2.0.so.0.2400.1
8a94c000-8a94d000 ---p 0009a000 08:01 288987     /usr/lib/libgio-2.0.so.0.2400.1
8a94d000-8a94e000 r--p 0009a000 08:01 288987     /usr/lib/libgio-2.0.so.0.2400.1
8a94e000-8a94f000 rw-p 0009b000 08:01 288987     /usr/lib/libgio-2.0.so.0.2400.1
8a94f000-8a950000 rw-p 00000000 00:00 0 
8a950000-8a9c7000 r-xp 00000000 08:01 288714     /usr/lib/libcairo.so.2.10800.10
8a9c7000-8a9c9000 r--p 00076000 08:01 288714     /usr/lib/libcairo.so.2.10800.10
8a9c9000-8a9ca000 rw-p 00078000 08:01 288714     /usr/lib/libcairo.so.2.10800.10
8a9ca000-8a9e3000 r-xp 00000000 08:01 288659     /usr/lib/libatk-1.0.so.0.3009.1
8a9e3000-8a9e4000 ---p 00019000 08:01 288659     /usr/lib/libatk-1.0.so.0.3009.1
8a9e4000-8a9e5000 r--p 00019000 08:01 288659     /usr/lib/libatk-1.0.so.0.3009.1
8a9e5000-8a9e6000 rw-p 0001a000 08:01 288659     /usr/lib/libatk-1.0.so.0.3009.1
8a9e6000-8a9ea000 r-xp 00000000 08:01 288576     /usr/lib/libXfixes.so.3.1.0
8a9ea000-8a9eb000 r--p 00003000 08:01 288576     /usr/lib/libXfixes.so.3.1.0
8a9eb000-8a9ec000 rw-p 00004000 08:01 288576     /usr/lib/libXfixes.so.3.1.0
8a9ec000-8a9ee000 r-xp 00000000 08:01 288568     /usr/lib/libXdamage.so.1.1.0
8a9ee000-8a9ef000 r--p 00001000 08:01 288568     /usr/lib/libXdamage.so.1.1.0
8a9ef000-8a9f0000 rw-p 00002000 08:01 288568     /usr/lib/libXdamage.so.1.1.0
8a9f0000-8a9f2000 r-xp 00000000 08:01 288564     /usr/lib/libXcomposite.so.1.0.0
8a9f2000-8a9f3000 r--p 00001000 08:01 288564     /usr/lib/libXcomposite.so.1.0.0
8a9f3000-8a9f4000 rw-p 00002000 08:01 288564     /usr/lib/libXcomposite.so.1.0.0
8a9f4000-8ab0d000 r-xp 00000000 08:01 288553     /usr/lib/libX11.so.6.3.0
8ab0d000-8ab0e000 r--p 00118000 08:01 288553     /usr/lib/libX11.so.6.3.0
8ab0e000-8ab10000 rw-p 00119000 08:01 288553     /usr/lib/libX11.so.6.3.0
8ab10000-8ab11000 rw-p 00000000 00:00 0 
8ab11000-8ab1b000 r-xp 00000000 08:01 289428     /usr/lib/libpangocairo-1.0.so.0.2800.0
8ab1b000-8ab1c000 r--p 00009000 08:01 289428     /usr/lib/libpangocairo-1.0.so.0.2800.0
8ab1c000-8ab1d000 rw-p 0000a000 08:01 289428     /usr/lib/libpangocairo-1.0.so.0.2800.0
8ab1d000-8ab35000 r-xp 00000000 08:01 288963     /usr/lib/libgdk_pixbuf-2.0.so.0.2000.1
8ab35000-8ab36000 r--p 00017000 08:01 288963     /usr/lib/libgdk_pixbuf-2.0.so.0.2000.1
8ab36000-8ab37000 rw-p 00018000 08:01 288963     /usr/lib/libgdk_pixbuf-2.0.so.0.2000.1
8ab37000-8abca000 r-xp 00000000 08:01 288961     /usr/lib/libgdk-x11-2.0.so.0.2000.1
8abca000-8abcc000 r--p 00093000 08:01 288961     /usr/lib/libgdk-x11-2.0.so.0.2000.1
8abcc000-8abcd000 rw-p 00095000 08:01 288961     /usr/lib/libgdk-x11-2.0.so.0.2000.1
8abcd000-8af9a000 r-xp 00000000 08:01 289127     /usr/lib/libgtk-x11-2.0.so.0.2000.1
8af9a000-8af9e000 r--p 003cd000 08:01 289127     /usr/lib/libgtk-x11-2.0.so.0.2000.1
8af9e000-8afa0000 rw-p 003d1000 08:01 289127     /usr/lib/libgtk-x11-2.0.so.0.2000.1
8afa0000-8afa2000 rw-p 00000000 00:00 0 
8afa2000-8affd000 r-xp 00000000 08:01 1083213    /root/.swt/lib/linux/x86/libswt-pi-gtk-3740.so
8affd000-8afff000 rw-p 0005a000 08:01 1083213    /root/.swt/lib/linux/x86/libswt-pi-gtk-3740.so
8afff000-8b000000 rw-p 00000000 00:00 0 
8b000000-8b0d8000 rw-p 00000000 00:00 0 
8b0d8000-8b100000 ---p 00000000 00:00 0 
8b102000-8b10a000 r-xp 00000000 08:01 288566     /usr/lib/libXcursor.so.1.0.2
8b10a000-8b10b000 r--p 00007000 08:01 288566     /usr/lib/libXcursor.so.1.0.2
8b10b000-8b10c000 rw-p 00008000 08:01 288566     /usr/lib/libXcursor.so.1.0.2
8b10c000-8b112000 r-xp 00000000 08:01 288596     /usr/lib/libXrandr.so.2.2.0
8b112000-8b113000 r--p 00005000 08:01 288596     /usr/lib/libXrandr.so.2.2.0
8b113000-8b114000 rw-p 00006000 08:01 288596     /usr/lib/libXrandr.so.2.2.0
8b114000-8b120000 r-xp 00000000 08:01 288582     /usr/lib/libXi.so.6.1.0
8b120000-8b121000 r--p 0000c000 08:01 288582     /usr/lib/libXi.so.6.1.0
8b121000-8b122000 rw-p 0000d000 08:01 288582     /usr/lib/libXi.so.6.1.0
8b122000-8b124000 r-xp 00000000 08:01 288584     /usr/lib/libXinerama.so.1.0.0
8b124000-8b125000 r--p 00001000 08:01 288584     /usr/lib/libXinerama.so.1.0.0
8b125000-8b126000 rw-p 00002000 08:01 288584     /usr/lib/libXinerama.so.1.0.0
8b126000-8b12e000 r-xp 00000000 08:01 288598     /usr/lib/libXrender.so.1.3.0
8b12e000-8b12f000 r--p 00007000 08:01 288598     /usr/lib/libXrender.so.1.3.0
8b12f000-8b130000 rw-p 00008000 08:01 288598     /usr/lib/libXrender.so.1.3.0
8b130000-8b13e000 r-xp 00000000 08:01 288574     /usr/lib/libXext.so.6.4.0
8b13e000-8b13f000 r--p 0000d000 08:01 288574     /usr/lib/libXext.so.6.4.0
8b13f000-8b140000 rw-p 0000e000 08:01 288574     /usr/lib/libXext.so.6.4.0
8b140000-8b144000 r-xp 00000000 08:01 288606     /usr/lib/libXtst.so.6.1.0
8b144000-8b145000 r--p 00003000 08:01 288606     /usr/lib/libXtst.so.6.1.0
8b145000-8b146000 rw-p 00004000 08:01 288606     /usr/lib/libXtst.so.6.1.0
8b146000-8b14a000 r-xp 00000000 08:01 289125     /usr/lib/libgthread-2.0.so.0.2400.1
8b14a000-8b14b000 r--p 00003000 08:01 289125     /usr/lib/libgthread-2.0.so.0.2400.1
8b14b000-8b14c000 rw-p 00004000 08:01 289125     /usr/lib/libgthread-2.0.so.0.2400.1
8b14c000-8b150000 r-xp 00000000 08:01 667099     /usr/lib/gtk-2.0/modules/libcanberra-gtk-module.so
8b150000-8b151000 ---p 00004000 08:01 667099     /usr/lib/gtk-2.0/modules/libcanberra-gtk-module.so
8b151000-8b152000 r--p 00004000 08:01 667099     /usr/lib/gtk-2.0/modules/libcanberra-gtk-module.so
8b152000-8b153000 rw-p 00005000 08:01 667099     /usr/lib/gtk-2.0/modules/libcanberra-gtk-module.so
8b153000-8b154000 r--p 00000000 08:01 667998     /usr/lib/locale/en_US.utf8/LC_NUMERIC
8b154000-8b155000 r--p 00000000 08:01 668001     /usr/lib/locale/en_US.utf8/LC_TIME
8b155000-8b156000 r--p 00000000 08:01 667996     /usr/lib/locale/en_US.utf8/LC_MONETARY
8b156000-8b157000 r--p 00000000 08:01 668002     /usr/lib/locale/en_US.utf8/LC_MESSAGES/SYS_LC_MESSAGES
8b157000-8b158000 r--p 00000000 08:01 667999     /usr/lib/locale/en_US.utf8/LC_PAPER
8b158000-8b159000 r--p 00000000 08:01 667997     /usr/lib/locale/en_US.utf8/LC_NAME
8b159000-8b15a000 r--p 00000000 08:01 667991     /usr/lib/locale/en_US.utf8/LC_ADDRESS
8b15a000-8b15b000 r--p 00000000 08:01 668000     /usr/lib/locale/en_US.utf8/LC_TELEPHONE
8b15b000-8b15c000 r--p 00000000 08:01 667995     /usr/lib/locale/en_US.utf8/LC_MEASUREMENT
8b15c000-8b15d000 r--p 00000000 08:01 667994     /usr/lib/locale/en_US.utf8/LC_IDENTIFICATION
8b15d000-8b160000 r-xp 00000000 08:01 1076891    /root/.swt/lib/linux/x86/libswt-gtk-3740.so
8b160000-8b161000 rw-p 00002000 08:01 1076891    /root/.swt/lib/linux/x86/libswt-gtk-3740.so
8b161000-8b162000 rw-p 00000000 00:00 0 
8b162000-8b16b000 r--s 00065000 08:01 815510     /usr/share/java/gnome-java-bridge.jar
8b16b000-8b16c000 ---p 00000000 00:00 0 
8b16c000-8b1ec000 rw-p 00000000 00:00 0 
8b1ec000-8b1ef000 ---p 00000000 00:00 0 
8b1ef000-8b23d000 rw-p 00000000 00:00 0 
8b23d000-8b240000 ---p 00000000 00:00 0 
8b240000-8b2be000 rw-p 00000000 00:00 0 
8b2be000-8b2c1000 ---p 00000000 00:00 0 
8b2c1000-8b33f000 rw-p 00000000 00:00 0 
8b33f000-8b342000 ---p 00000000 00:00 0 
8b342000-8b390000 rw-p 00000000 00:00 0 
8b390000-8b397000 r--s 00000000 08:01 666371     /usr/lib/gconv/gconv-modules.cache
8b397000-8b3d6000 r--p 00000000 08:01 667993     /usr/lib/locale/en_US.utf8/LC_CTYPE
8b3d6000-8b3d9000 ---p 00000000 00:00 0 
8b3d9000-8b427000 rw-p 00000000 00:00 0 
8b427000-8b42a000 ---p 00000000 00:00 0 
8b42a000-8b478000 rw-p 00000000 00:00 0 
8b478000-8b479000 ---p 00000000 00:00 0 
8b479000-8b4f9000 rw-p 00000000 00:00 0 
8b4f9000-8b4fb000 r--s 0001d000 08:01 667306     /usr/lib/jvm/java-6-openjdk/jre/lib/plugin.jar
8b4fb000-8b500000 r--s 00044000 08:01 667305     /usr/lib/jvm/java-6-openjdk/jre/lib/netx.jar
8b500000-8b533000 rw-p 00000000 00:00 0 
8b533000-8b6c2000 r--s 038c2000 08:01 667311     /usr/lib/jvm/java-6-openjdk/jre/lib/rt.jar
8b6c2000-8b6c3000 ---p 00000000 00:00 0 
8b6c3000-8b743000 rw-p 00000000 00:00 0 
8b743000-8b744000 ---p 00000000 00:00 0 
8b744000-8b7cc000 rw-p 00000000 00:00 0 
8b7cc000-8b804000 rw-p 00000000 00:00 0 
8b804000-8b80f000 rw-p 00000000 00:00 0 
8b80f000-8b8af000 rw-p 00000000 00:00 0 
8b8af000-8b8b7000 rw-p 00000000 00:00 0 
8b8b7000-8b8ef000 rw-p 00000000 00:00 0 
8b8ef000-8b8fa000 rw-p 00000000 00:00 0 
8b8fa000-8b999000 rw-p 00000000 00:00 0 
8b999000-8b99f000 rw-p 00000000 00:00 0 
8b99f000-8b9ef000 rw-p 00000000 00:00 0 
8b9ef000-8c9f0000 rw-p 00000000 00:00 0 
8c9f0000-939f0000 rw-p 00000000 00:00 0 
939f0000-94ef0000 rw-p 00000000 00:00 0 
94ef0000-a8f50000 rw-p 00000000 00:00 0 
a8f50000-a99d0000 rw-p 00000000 00:00 0 
a99d0000-b39f0000 rw-p 00000000 00:00 0 
b39f0000-b39f7000 r--s 00059000 08:01 193221     /root/Sitar/GUITAR-Model-Plugin-SWT/lib/log4j-1.2.15.jar
b39f7000-b3a00000 rw-p 00000000 00:00 0 
b3a00000-b3ab7000 rw-p 00000000 00:00 0 
b3ab7000-b3cf7000 rwxp 00000000 00:00 0 
b3cf7000-b6ab7000 rw-p 00000000 00:00 0 
b6ab7000-b6ac1000 r-xp 00000000 08:01 266637     /lib/tls/i686/cmov/libnss_files-2.11.1.so
b6ac1000-b6ac2000 r--p 00009000 08:01 266637     /lib/tls/i686/cmov/libnss_files-2.11.1.so
b6ac2000-b6ac3000 rw-p 0000a000 08:01 266637     /lib/tls/i686/cmov/libnss_files-2.11.1.so
b6ac3000-b6acb000 r-xp 00000000 08:01 266641     /lib/tls/i686/cmov/libnss_nis-2.11.1.so
b6acb000-b6acc000 r--p 00007000 08:01 266641     /lib/tls/i686/cmov/libnss_nis-2.11.1.so
b6acc000-b6acd000 rw-p 00008000 08:01 266641     /lib/tls/i686/cmov/libnss_nis-2.11.1.so
b6acd000-b6ad3000 r-xp 00000000 08:01 266633     /lib/tls/i686/cmov/libnss_compat-2.11.1.so
b6ad3000-b6ad4000 r--p 00006000 08:01 266633     /lib/tls/i686/cmov/libnss_compat-2.11.1.so
b6ad4000-b6ad5000 rw-p 00007000 08:01 266633     /lib/tls/i686/cmov/libnss_compat-2.11.1.so
b6ad5000-b6adc000 r-xp 00000000 08:01 667367     /usr/lib/jvm/java-6-openjdk/jre/lib/i386/libzip.so
b6adc000-b6add000 r--p 00006000 08:01 667367     /usr/lib/jvm/java-6-openjdk/jre/lib/i386/libzip.so
b6add000-b6ade000 rw-p 00007000 08:01 667367     /usr/lib/jvm/java-6-openjdk/jre/lib/i386/libzip.so
b6ade000-b6ae6000 rw-s 00000000 08:01 194592     /tmp/hsperfdata_root/5814
b6ae6000-b6af9000 r-xp 00000000 08:01 266631     /lib/tls/i686/cmov/libnsl-2.11.1.so
b6af9000-b6afa000 r--p 00012000 08:01 266631     /lib/tls/i686/cmov/libnsl-2.11.1.so
b6afa000-b6afb000 rw-p 00013000 08:01 266631     /lib/tls/i686/cmov/libnsl-2.11.1.so
b6afb000-b6afd000 rw-p 00000000 00:00 0 
b6afd000-b6b01000 r--s 0007c000 08:01 667299     /usr/lib/jvm/java-6-openjdk/jre/lib/jsse.jar
b6b01000-b6b03000 r--s 00011000 08:01 193220     /root/Sitar/GUITAR-Model-Plugin-SWT/lib/GUITARModel-Core.jar
b6b03000-b6b0a000 r-xp 00000000 08:01 667377     /usr/lib/jvm/java-6-openjdk/jre/lib/i386/native_threads/libhpi.so
b6b0a000-b6b0b000 r--p 00006000 08:01 667377     /usr/lib/jvm/java-6-openjdk/jre/lib/i386/native_threads/libhpi.so
b6b0b000-b6b0c000 rw-p 00007000 08:01 667377     /usr/lib/jvm/java-6-openjdk/jre/lib/i386/native_threads/libhpi.so
b6b0c000-b6b0d000 rw-p 00000000 00:00 0 
b6b0d000-b6b0e000 r--p 00000000 00:00 0 
b6b0e000-b6b32000 r-xp 00000000 08:01 667347     /usr/lib/jvm/java-6-openjdk/jre/lib/i386/libjava.so
b6b32000-b6b33000 r--p 00023000 08:01 667347     /usr/lib/jvm/java-6-openjdk/jre/lib/i386/libjava.so
b6b33000-b6b35000 rw-p 00024000 08:01 667347     /usr/lib/jvm/java-6-openjdk/jre/lib/i386/libjava.so
b6b35000-b6b3c000 r-xp 00000000 08:01 266650     /lib/tls/i686/cmov/librt-2.11.1.so
b6b3c000-b6b3d000 r--p 00006000 08:01 266650     /lib/tls/i686/cmov/librt-2.11.1.so
b6b3d000-b6b3e000 rw-p 00007000 08:01 266650     /lib/tls/i686/cmov/librt-2.11.1.so
b6b3e000-b6b41000 ---p 00000000 00:00 0 
b6b41000-b6b8f000 rw-p 00000000 00:00 0 
b6b8f000-b6bb3000 r-xp 00000000 08:01 266628     /lib/tls/i686/cmov/libm-2.11.1.so
b6bb3000-b6bb4000 r--p 00023000 08:01 266628     /lib/tls/i686/cmov/libm-2.11.1.so
b6bb4000-b6bb5000 rw-p 00024000 08:01 266628     /lib/tls/i686/cmov/libm-2.11.1.so
b6bb5000-b727a000 r-xp 00000000 08:01 667380     /usr/lib/jvm/java-6-openjdk/jre/lib/i386/server/libjvm.so
b727a000-b727b000 ---p 006c5000 08:01 667380     /usr/lib/jvm/java-6-openjdk/jre/lib/i386/server/libjvm.so
b727b000-b72c0000 r--p 006c5000 08:01 667380     /usr/lib/jvm/java-6-openjdk/jre/lib/i386/server/libjvm.so
b72c0000-b72cf000 rw-p 0070a000 08:01 667380     /usr/lib/jvm/java-6-openjdk/jre/lib/i386/server/libjvm.so
b72cf000-b76f0000 rw-p 00000000 00:00 0 
b76f0000-b7843000 r-xp 00000000 08:01 266620     /lib/tls/i686/cmov/libc-2.11.1.so
b7843000-b7844000 ---p 00153000 08:01 266620     /lib/tls/i686/cmov/libc-2.11.1.so
b7844000-b7846000 r--p 00153000 08:01 266620     /lib/tls/i686/cmov/libc-2.11.1.so
b7846000-b7847000 rw-p 00155000 08:01 266620     /lib/tls/i686/cmov/libc-2.11.1.so
b7847000-b784a000 rw-p 00000000 00:00 0 
b784a000-b784c000 r-xp 00000000 08:01 266626     /lib/tls/i686/cmov/libdl-2.11.1.so
b784c000-b784d000 r--p 00001000 08:01 266626     /lib/tls/i686/cmov/libdl-2.11.1.so
b784d000-b784e000 rw-p 00002000 08:01 266626     /lib/tls/i686/cmov/libdl-2.11.1.so
b784e000-b7851000 r-xp 00000000 08:01 667376     /usr/lib/jvm/java-6-openjdk/jre/lib/i386/jli/libjli.so
b7851000-b7852000 r--p 00003000 08:01 667376     /usr/lib/jvm/java-6-openjdk/jre/lib/i386/jli/libjli.so
b7852000-b7853000 rw-p 00004000 08:01 667376     /usr/lib/jvm/java-6-openjdk/jre/lib/i386/jli/libjli.so
b7853000-b7868000 r-xp 00000000 08:01 266646     /lib/tls/i686/cmov/libpthread-2.11.1.so
b7868000-b7869000 r--p 00014000 08:01 266646     /lib/tls/i686/cmov/libpthread-2.11.1.so
b7869000-b786a000 rw-p 00015000 08:01 266646     /lib/tls/i686/cmov/libpthread-2.11.1.so
b786a000-b786d000 rw-p 00000000 00:00 0 
b786d000-b7880000 r-xp 00000000 08:01 262385     /lib/libz.so.1.2.3.3
b7880000-b7881000 r--p 00012000 08:01 262385     /lib/libz.so.1.2.3.3
b7881000-b7882000 rw-p 00013000 08:01 262385     /lib/libz.so.1.2.3.3
b7882000-b7885000 r--s 0000f000 08:01 667325     /usr/lib/jvm/java-6-openjdk/jre/lib/ext/pulse-java.jar
b7885000-b7891000 r-xp 00000000 08:01 667366     /usr/lib/jvm/java-6-openjdk/jre/lib/i386/libverify.so
b7891000-b7892000 r--p 0000b000 08:01 667366     /usr/lib/jvm/java-6-openjdk/jre/lib/i386/libverify.so
b7892000-b7893000 rw-p 0000c000 08:01 667366     /usr/lib/jvm/java-6-openjdk/jre/lib/i386/libverify.so
b7893000-b7895000 rw-p 00000000 00:00 0 
b7895000-b7896000 r-xp 00000000 00:00 0          [vdso]
b7896000-b78b1000 r-xp 00000000 08:01 262187     /lib/ld-2.11.1.so
b78b1000-b78b2000 r--p 0001a000 08:01 262187     /lib/ld-2.11.1.so
b78b2000-b78b3000 rw-p 0001b000 08:01 262187     /lib/ld-2.11.1.so
bfccc000-bfcee000 rw-p 00000000 00:00 0          [stack]

VM Arguments:
jvm_args: -Dfile.encoding=UTF-8 
java_command: DomParserExample
Launcher Type: SUN_STANDARD

Environment Variables:
PATH=/usr/local/sbin:/usr/local/bin:/usr/sbin:/usr/bin:/sbin:/bin:/usr/games:/etc/alternatives/gem-bin
LD_LIBRARY_PATH=/usr/lib/jvm/java-6-openjdk/jre/lib/i386/server:/usr/lib/jvm/java-6-openjdk/jre/lib/i386:/usr/lib/jvm/java-6-openjdk/jre/../lib/i386:/usr/lib/jvm/java-6-openjdk/jre/lib/i386/client:/usr/lib/jvm/java-6-openjdk/jre/lib/i386:
SHELL=/bin/bash
DISPLAY=:0.0

Signal Handlers:
SIGSEGV: [libjvm.so+0x649f60], sa_mask[0]=0x7ffbfeff, sa_flags=0x10000004
SIGBUS: [libjvm.so+0x649f60], sa_mask[0]=0x7ffbfeff, sa_flags=0x10000004
SIGFPE: [libjvm.so+0x51bff0], sa_mask[0]=0x7ffbfeff, sa_flags=0x10000004
SIGPIPE: SIG_IGN, sa_mask[0]=0x00001000, sa_flags=0x10000000
SIGXFSZ: [libjvm.so+0x51bff0], sa_mask[0]=0x7ffbfeff, sa_flags=0x10000004
SIGILL: [libjvm.so+0x51bff0], sa_mask[0]=0x7ffbfeff, sa_flags=0x10000004
SIGUSR1: SIG_DFL, sa_mask[0]=0x00000000, sa_flags=0x00000000
SIGUSR2: [libjvm.so+0x51b6a0], sa_mask[0]=0x00000004, sa_flags=0x10000004
SIGHUP: [libjvm.so+0x51e210], sa_mask[0]=0x7ffbfeff, sa_flags=0x10000004
SIGINT: [libjvm.so+0x51e210], sa_mask[0]=0x7ffbfeff, sa_flags=0x10000004
SIGTERM: [libjvm.so+0x51e210], sa_mask[0]=0x7ffbfeff, sa_flags=0x10000004
SIGQUIT: [libjvm.so+0x51e210], sa_mask[0]=0x7ffbfeff, sa_flags=0x10000004


---------------  S Y S T E M  ---------------

OS:Ubuntu 10.04 (lucid)
uname:Linux 2.6.39.4 #1 SMP Thu Aug 18 13:38:02 NZST 2011 i686
libc:glibc 2.11.1 NPTL 2.11.1 
rlimit: STACK 8192k, CORE 0k, NPROC infinity, NOFILE 1024, AS infinity
load average:0.33 0.15 0.10

/proc/meminfo:
MemTotal:        2062876 kB
MemFree:          648212 kB
Buffers:          136244 kB
Cached:           735240 kB
SwapCached:            0 kB
Active:           857508 kB
Inactive:         504164 kB
Active(anon):     490444 kB
Inactive(anon):     6104 kB
Active(file):     367064 kB
Inactive(file):   498060 kB
Unevictable:           0 kB
Mlocked:               0 kB
HighTotal:       1187784 kB
HighFree:           1724 kB
LowTotal:         875092 kB
LowFree:          646488 kB
SwapTotal:        916476 kB
SwapFree:         916476 kB
Dirty:              1120 kB
Writeback:             0 kB
AnonPages:        490248 kB
Mapped:            80740 kB
Shmem:              6364 kB
Slab:              40840 kB
SReclaimable:      32352 kB
SUnreclaim:         8488 kB
KernelStack:        2136 kB
PageTables:         2764 kB
NFS_Unstable:          0 kB
Bounce:                0 kB
WritebackTmp:          0 kB
CommitLimit:     1947912 kB
Committed_AS:     932636 kB
VmallocTotal:     122880 kB
VmallocUsed:        7528 kB
VmallocChunk:     110244 kB
HardwareCorrupted:     0 kB
HugePages_Total:       0
HugePages_Free:        0
HugePages_Rsvd:        0
HugePages_Surp:        0
Hugepagesize:       4096 kB
DirectMap4k:       20472 kB
DirectMap4M:      888832 kB


CPU:total 2 (6 cores per cpu, 1 threads per core) family 16 model 10 stepping 0, cmov, cx8, fxsr, mmx, sse, sse2, sse3, popcnt, mmxext, 3dnow, 3dnowext, lzcnt, sse4a

Memory: 4k page, physical 2062876k(648212k free), swap 916476k(916476k free)

vm_info: OpenJDK Server VM (19.0-b09) for linux-x86 JRE (1.6.0_20-b20), built on Feb 23 2011 19:45:38 by "buildd" with gcc 4.4.3

time: Tue Mar  6 15:46:44 2012
elapsed time: 0 seconds

